[2025-12-23T22:35:16.165+0000] {taskinstance.py:1956} INFO - Dependencies all met for dep_context=non-requeueable deps ti=<TaskInstance: user_activity_pipeline.load_to_warehouse scheduled__2025-12-21T00:00:00+00:00 [queued]>
[2025-12-23T22:35:16.167+0000] {taskinstance.py:1956} INFO - Dependencies all met for dep_context=requeueable deps ti=<TaskInstance: user_activity_pipeline.load_to_warehouse scheduled__2025-12-21T00:00:00+00:00 [queued]>
[2025-12-23T22:35:16.167+0000] {taskinstance.py:2170} INFO - Starting attempt 1 of 3
[2025-12-23T22:35:16.172+0000] {taskinstance.py:2191} INFO - Executing <Task(PythonOperator): load_to_warehouse> on 2025-12-21 00:00:00+00:00
[2025-12-23T22:35:16.173+0000] {standard_task_runner.py:60} INFO - Started process 179 to run task
[2025-12-23T22:35:16.175+0000] {standard_task_runner.py:87} INFO - Running: ['airflow', 'tasks', 'run', 'user_activity_pipeline', 'load_to_warehouse', 'scheduled__2025-12-21T00:00:00+00:00', '--job-id', '12', '--raw', '--subdir', 'DAGS_FOLDER/user_activity_pipeline.py', '--cfg-path', '/tmp/tmp_7p2agna']
[2025-12-23T22:35:16.175+0000] {standard_task_runner.py:88} INFO - Job 12: Subtask load_to_warehouse
[2025-12-23T22:35:16.188+0000] {task_command.py:423} INFO - Running <TaskInstance: user_activity_pipeline.load_to_warehouse scheduled__2025-12-21T00:00:00+00:00 [running]> on host ee92ca13fa7e
[2025-12-23T22:35:16.256+0000] {taskinstance.py:2480} INFO - Exporting env vars: AIRFLOW_CTX_DAG_OWNER='airflow' AIRFLOW_CTX_DAG_ID='user_activity_pipeline' AIRFLOW_CTX_TASK_ID='load_to_warehouse' AIRFLOW_CTX_EXECUTION_DATE='2025-12-21T00:00:00+00:00' AIRFLOW_CTX_TRY_NUMBER='1' AIRFLOW_CTX_DAG_RUN_ID='scheduled__2025-12-21T00:00:00+00:00'
[2025-12-23T22:35:16.257+0000] {taskinstance.py:2698} ERROR - Task failed with exception
Traceback (most recent call last):
  File "/home/airflow/.local/lib/python3.9/site-packages/airflow/models/taskinstance.py", line 433, in _execute_task
    result = execute_callable(context=context, **execute_callable_kwargs)
  File "/home/airflow/.local/lib/python3.9/site-packages/airflow/operators/python.py", line 199, in execute
    return_value = self.execute_callable()
  File "/home/airflow/.local/lib/python3.9/site-packages/airflow/operators/python.py", line 216, in execute_callable
    return self.python_callable(*self.op_args, **self.op_kwargs)
  File "/opt/airflow/dags/user_activity_pipeline.py", line 33, in load_task
    load(execution_date)
  File "/opt/airflow/project/etl.py", line 48, in load
    save_user_activity_daily(
TypeError: 'module' object is not callable
[2025-12-23T22:35:16.258+0000] {taskinstance.py:1138} INFO - Marking task as UP_FOR_RETRY. dag_id=user_activity_pipeline, task_id=load_to_warehouse, execution_date=20251221T000000, start_date=20251223T223516, end_date=20251223T223516
[2025-12-23T22:35:16.261+0000] {standard_task_runner.py:107} ERROR - Failed to execute job 12 for task load_to_warehouse ('module' object is not callable; 179)
[2025-12-23T22:35:16.279+0000] {local_task_job_runner.py:234} INFO - Task exited with return code 1
[2025-12-23T22:35:16.283+0000] {taskinstance.py:3280} INFO - 0 downstream tasks scheduled from follow-on schedule check
[2025-12-23T22:42:41.492+0000] {taskinstance.py:1956} INFO - Dependencies all met for dep_context=non-requeueable deps ti=<TaskInstance: user_activity_pipeline.load_to_warehouse scheduled__2025-12-21T00:00:00+00:00 [queued]>
[2025-12-23T22:42:41.495+0000] {taskinstance.py:1956} INFO - Dependencies all met for dep_context=requeueable deps ti=<TaskInstance: user_activity_pipeline.load_to_warehouse scheduled__2025-12-21T00:00:00+00:00 [queued]>
[2025-12-23T22:42:41.495+0000] {taskinstance.py:2170} INFO - Starting attempt 1 of 3
[2025-12-23T22:42:41.500+0000] {taskinstance.py:2191} INFO - Executing <Task(PythonOperator): load_to_warehouse> on 2025-12-21 00:00:00+00:00
[2025-12-23T22:42:41.502+0000] {standard_task_runner.py:60} INFO - Started process 169 to run task
[2025-12-23T22:42:41.503+0000] {standard_task_runner.py:87} INFO - Running: ['airflow', 'tasks', 'run', 'user_activity_pipeline', 'load_to_warehouse', 'scheduled__2025-12-21T00:00:00+00:00', '--job-id', '11', '--raw', '--subdir', 'DAGS_FOLDER/user_activity_pipeline.py', '--cfg-path', '/tmp/tmpav4vn3pz']
[2025-12-23T22:42:41.504+0000] {standard_task_runner.py:88} INFO - Job 11: Subtask load_to_warehouse
[2025-12-23T22:42:41.519+0000] {task_command.py:423} INFO - Running <TaskInstance: user_activity_pipeline.load_to_warehouse scheduled__2025-12-21T00:00:00+00:00 [running]> on host f6a8b915ead1
[2025-12-23T22:42:41.590+0000] {taskinstance.py:2480} INFO - Exporting env vars: AIRFLOW_CTX_DAG_OWNER='airflow' AIRFLOW_CTX_DAG_ID='user_activity_pipeline' AIRFLOW_CTX_TASK_ID='load_to_warehouse' AIRFLOW_CTX_EXECUTION_DATE='2025-12-21T00:00:00+00:00' AIRFLOW_CTX_TRY_NUMBER='1' AIRFLOW_CTX_DAG_RUN_ID='scheduled__2025-12-21T00:00:00+00:00'
[2025-12-23T22:42:41.590+0000] {taskinstance.py:2698} ERROR - Task failed with exception
Traceback (most recent call last):
  File "/home/airflow/.local/lib/python3.9/site-packages/airflow/models/taskinstance.py", line 433, in _execute_task
    result = execute_callable(context=context, **execute_callable_kwargs)
  File "/home/airflow/.local/lib/python3.9/site-packages/airflow/operators/python.py", line 199, in execute
    return_value = self.execute_callable()
  File "/home/airflow/.local/lib/python3.9/site-packages/airflow/operators/python.py", line 216, in execute_callable
    return self.python_callable(*self.op_args, **self.op_kwargs)
  File "/opt/airflow/dags/user_activity_pipeline.py", line 33, in load_task
    load(execution_date)
  File "/opt/airflow/project/etl.py", line 48, in load
    save_user_activity_daily(
TypeError: 'module' object is not callable
[2025-12-23T22:42:41.591+0000] {taskinstance.py:1138} INFO - Marking task as UP_FOR_RETRY. dag_id=user_activity_pipeline, task_id=load_to_warehouse, execution_date=20251221T000000, start_date=20251223T224241, end_date=20251223T224241
[2025-12-23T22:42:41.595+0000] {standard_task_runner.py:107} ERROR - Failed to execute job 11 for task load_to_warehouse ('module' object is not callable; 169)
[2025-12-23T22:42:41.600+0000] {local_task_job_runner.py:234} INFO - Task exited with return code 1
[2025-12-23T22:42:41.605+0000] {taskinstance.py:3280} INFO - 0 downstream tasks scheduled from follow-on schedule check
[2025-12-23T22:45:50.371+0000] {taskinstance.py:1956} INFO - Dependencies all met for dep_context=non-requeueable deps ti=<TaskInstance: user_activity_pipeline.load_to_warehouse scheduled__2025-12-21T00:00:00+00:00 [queued]>
[2025-12-23T22:45:50.374+0000] {taskinstance.py:1956} INFO - Dependencies all met for dep_context=requeueable deps ti=<TaskInstance: user_activity_pipeline.load_to_warehouse scheduled__2025-12-21T00:00:00+00:00 [queued]>
[2025-12-23T22:45:50.374+0000] {taskinstance.py:2170} INFO - Starting attempt 1 of 3
[2025-12-23T22:45:50.383+0000] {taskinstance.py:2191} INFO - Executing <Task(PythonOperator): load_to_warehouse> on 2025-12-21 00:00:00+00:00
[2025-12-23T22:45:50.392+0000] {standard_task_runner.py:60} INFO - Started process 168 to run task
[2025-12-23T22:45:50.396+0000] {standard_task_runner.py:87} INFO - Running: ['airflow', 'tasks', 'run', 'user_activity_pipeline', 'load_to_warehouse', 'scheduled__2025-12-21T00:00:00+00:00', '--job-id', '11', '--raw', '--subdir', 'DAGS_FOLDER/user_activity_pipeline.py', '--cfg-path', '/tmp/tmpkg06b8qn']
[2025-12-23T22:45:50.400+0000] {standard_task_runner.py:88} INFO - Job 11: Subtask load_to_warehouse
[2025-12-23T22:45:50.428+0000] {task_command.py:423} INFO - Running <TaskInstance: user_activity_pipeline.load_to_warehouse scheduled__2025-12-21T00:00:00+00:00 [running]> on host 71784f2a3374
[2025-12-23T22:45:50.539+0000] {taskinstance.py:2480} INFO - Exporting env vars: AIRFLOW_CTX_DAG_OWNER='airflow' AIRFLOW_CTX_DAG_ID='user_activity_pipeline' AIRFLOW_CTX_TASK_ID='load_to_warehouse' AIRFLOW_CTX_EXECUTION_DATE='2025-12-21T00:00:00+00:00' AIRFLOW_CTX_TRY_NUMBER='1' AIRFLOW_CTX_DAG_RUN_ID='scheduled__2025-12-21T00:00:00+00:00'
[2025-12-23T22:45:50.549+0000] {logging_mixin.py:188} INFO - [GOLD] Loaded 3 user metrics for 2025-12-21
[2025-12-23T22:45:50.550+0000] {python.py:201} INFO - Done. Returned value was: None
[2025-12-23T22:45:50.553+0000] {taskinstance.py:1138} INFO - Marking task as SUCCESS. dag_id=user_activity_pipeline, task_id=load_to_warehouse, execution_date=20251221T000000, start_date=20251223T224550, end_date=20251223T224550
[2025-12-23T22:45:50.575+0000] {local_task_job_runner.py:234} INFO - Task exited with return code 0
[2025-12-23T22:45:50.580+0000] {taskinstance.py:3280} INFO - 0 downstream tasks scheduled from follow-on schedule check
